c:\users\guico\source\repos\cpp-fundamentals\cpp-fundamentals\x64\debug\vc143.pdb
c:\users\guico\source\repos\cpp-fundamentals\cpp-fundamentals\x64\debug\vc143.idb
c:\users\guico\source\repos\cpp-fundamentals\cpp-fundamentals\x64\debug\textured_rectangle.obj
c:\users\guico\source\repos\cpp-fundamentals\cpp-fundamentals\x64\debug\textcomponent.obj
c:\users\guico\source\repos\cpp-fundamentals\cpp-fundamentals\x64\debug\base_resource_manager.obj
c:\users\guico\source\repos\cpp-fundamentals\cpp-fundamentals\x64\debug\resource_manager.obj
c:\users\guico\source\repos\cpp-fundamentals\cpp-fundamentals\x64\debug\sdlapi.obj
c:\users\guico\source\repos\cpp-fundamentals\cpp-fundamentals\x64\debug\isound.obj
c:\users\guico\source\repos\cpp-fundamentals\cpp-fundamentals\x64\debug\game_entity.obj
c:\users\guico\source\repos\cpp-fundamentals\cpp-fundamentals\x64\debug\game.obj
c:\users\guico\source\repos\cpp-fundamentals\cpp-fundamentals\x64\debug\collider2d.obj
c:\users\guico\source\repos\cpp-fundamentals\cpp-fundamentals\x64\debug\animated_sprite.obj
c:\users\guico\source\repos\cpp-fundamentals\cpp-fundamentals\x64\debug\pointers.obj
c:\users\guico\source\repos\cpp-fundamentals\cpp-fundamentals\x64\debug\window.obj
c:\users\guico\source\repos\cpp-fundamentals\cpp-fundamentals\x64\debug\particle_orchestrator.obj
c:\users\guico\source\repos\cpp-fundamentals\cpp-fundamentals\x64\debug\particle.obj
c:\users\guico\source\repos\cpp-fundamentals\cpp-fundamentals\x64\debug\main.obj
c:\users\guico\source\repos\cpp-fundamentals\cpp-fundamentals\x64\debug\ns.obj
c:\users\guico\source\repos\cpp-fundamentals\cpp-fundamentals\x64\debug\machine.obj
c:\users\guico\source\repos\cpp-fundamentals\cpp-fundamentals\x64\debug\log.obj
c:\users\guico\source\repos\cpp-fundamentals\cpp-fundamentals\x64\debug\cat.obj
c:\users\guico\source\repos\cpp-fundamentals\cpp-fundamentals\x64\debug\static.obj
c:\users\guico\source\repos\cpp-fundamentals\cpp-fundamentals\x64\debug\texture_handler.obj
c:\users\guico\source\repos\cpp-fundamentals\x64\debug\cpp-fundamentals.exe
c:\users\guico\source\repos\cpp-fundamentals\x64\debug\cpp-fundamentals.pdb
c:\users\guico\source\repos\cpp-fundamentals\cpp-fundamentals\x64\debug\cpp-fundamentals.ilk
c:\users\guico\source\repos\cpp-fundamentals\cpp-fundamentals\x64\debug\cpp-fundamentals.tlog\cl.command.1.tlog
c:\users\guico\source\repos\cpp-fundamentals\cpp-fundamentals\x64\debug\cpp-fundamentals.tlog\cl.items.tlog
c:\users\guico\source\repos\cpp-fundamentals\cpp-fundamentals\x64\debug\cpp-fundamentals.tlog\cl.read.1.tlog
c:\users\guico\source\repos\cpp-fundamentals\cpp-fundamentals\x64\debug\cpp-fundamentals.tlog\cl.write.1.tlog
c:\users\guico\source\repos\cpp-fundamentals\cpp-fundamentals\x64\debug\cpp-fundamentals.tlog\link.command.1.tlog
c:\users\guico\source\repos\cpp-fundamentals\cpp-fundamentals\x64\debug\cpp-fundamentals.tlog\link.read.1.tlog
c:\users\guico\source\repos\cpp-fundamentals\cpp-fundamentals\x64\debug\cpp-fundamentals.tlog\link.secondary.1.tlog
c:\users\guico\source\repos\cpp-fundamentals\cpp-fundamentals\x64\debug\cpp-fundamentals.tlog\link.write.1.tlog
